<?xml version="1.0" encoding="UTF-8"?>
<!-- Generated by org.testng.reporters.JUnitXMLReporter -->
<testsuite ignored="0" hostname="LAPTOP-DOHQRCCL" failures="0" tests="3" name="Default test" time="0.033" errors="0" timestamp="04 Aug 2023 01:02:35 GMT">
  <testcase classname="group.Payment" name="cod" time="0.007"/>
  <testcase classname="group.Payment" name="creditCartTest" time="0.001"/>
  <testcase classname="group.Payment" name="debetCardTest" time="0.001"/>
</testsuite> <!-- Default test -->
