<?xml version="1.0" encoding="UTF-8"?>
<!-- Generated by org.testng.reporters.JUnitXMLReporter -->
<testsuite ignored="4" hostname="LAPTOP-DOHQRCCL" failures="0" tests="2" name="Test2" time="0.004" errors="0" timestamp="04 Aug 2023 01:20:40 GMT">
  <testcase classname="group.Account" name="savingAccount" time="0.002"/>
  <testcase classname="group.Payment" name="creditCardTest" time="0.0"/>
  <testcase classname="group.Account" name="currentAccount" time="0.0">
    <ignored/>
  </testcase> <!-- currentAccount -->
  <testcase classname="group.Payment" name="debetCardTest" time="0.0">
    <ignored/>
  </testcase> <!-- debetCardTest -->
  <testcase classname="group.Payment" name="cod" time="0.0">
    <ignored/>
  </testcase> <!-- cod -->
  <testcase classname="group.Account" name="loanAccount" time="0.0">
    <ignored/>
  </testcase> <!-- loanAccount -->
</testsuite> <!-- Test2 -->
