<?xml version="1.0" encoding="UTF-8"?>
<!-- Generated by org.testng.reporters.JUnitXMLReporter -->
<testsuite ignored="2" hostname="LAPTOP-DOHQRCCL" failures="0" tests="4" name="Test" time="0.061" errors="0" timestamp="04 Aug 2023 01:17:02 GMT">
  <testcase classname="group.Account" name="currentAccount" time="0.016"/>
  <testcase classname="group.Account" name="loanAccount" time="0.001"/>
  <testcase classname="group.Payment" name="cod" time="0.001"/>
  <testcase classname="group.Payment" name="debetCardTest" time="0.001"/>
  <testcase classname="group.Account" name="savingAccount" time="0.0">
    <ignored/>
  </testcase> <!-- savingAccount -->
  <testcase classname="group.Payment" name="creditCardTest" time="0.0">
    <ignored/>
  </testcase> <!-- creditCardTest -->
</testsuite> <!-- Test -->
