<?xml version="1.0" encoding="UTF-8"?>
<!-- Generated by org.testng.reporters.JUnitXMLReporter -->
<testsuite ignored="2" hostname="LAPTOP-DOHQRCCL" failures="0" tests="4" name="Test1" time="0.026" errors="0" timestamp="04 Aug 2023 01:20:40 GMT">
  <testcase classname="group.Account" name="currentAccount" time="0.005"/>
  <testcase classname="group.Account" name="loanAccount" time="0.001"/>
  <testcase classname="group.Payment" name="cod" time="0.001"/>
  <testcase classname="group.Payment" name="debetCardTest" time="0.001"/>
  <testcase classname="group.Account" name="savingAccount" time="0.0">
    <ignored/>
  </testcase> <!-- savingAccount -->
  <testcase classname="group.Payment" name="creditCardTest" time="0.0">
    <ignored/>
  </testcase> <!-- creditCardTest -->
</testsuite> <!-- Test1 -->
